<?xml version="1.0" encoding="UTF-8"?>
<!-- Generated by org.testng.reporters.JUnitReportReporter -->
<testsuite skipped="1" hostname="DESKTOP-MGGQNUS" name="com.learn.BrowserSetUp" tests="2" failures="0" timestamp="2020-05-25T16:54:44 IST" time="2.301" errors="1">
  <testcase name="BrowserLaunchChrome" time="0.000" classname="com.learn.BrowserSetUp">
    <skipped/>
  </testcase> <!-- BrowserLaunchChrome -->
  <system-out/>
  <testcase name="SetChromeProperties" time="2.301" classname="com.learn.BrowserSetUp">
    <error type="org.openqa.selenium.SessionNotCreatedException" message="session not created: This version of ChromeDriver only supports Chrome version 81
Build info: version: &#039;3.141.59&#039;, revision: &#039;e82be7d358&#039;, time: &#039;2018-11-14T08:17:03&#039;
System info: host: &#039;DESKTOP-MGGQNUS&#039;, ip: &#039;192.168.2.9&#039;, os.name: &#039;Windows 10&#039;, os.arch: &#039;amd64&#039;, os.version: &#039;10.0&#039;, java.version: &#039;1.8.0_211&#039;
Driver info: driver.version: ChromeDriver
remote stacktrace: Backtrace:
	Ordinal0 [0x00465E93+2449043]
	Ordinal0 [0x00398281+1606273]
	Ordinal0 [0x0028F889+522377]
	Ordinal0 [0x002205F3+67059]
	Ordinal0 [0x0021CD92+52626]
	Ordinal0 [0x0023C127+180519]
	Ordinal0 [0x0023BF2D+180013]
	Ordinal0 [0x00239E5B+171611]
	Ordinal0 [0x00221DD8+73176]
	Ordinal0 [0x00222E50+77392]
	Ordinal0 [0x00222DE9+77289]
	Ordinal0 [0x003AD7F7+1693687]
	GetHandleVerifier [0x00504576+522742]
	GetHandleVerifier [0x005042B4+522036]
	GetHandleVerifier [0x00519587+608775]
	GetHandleVerifier [0x00504DE6+524902]
	Ordinal0 [0x003A5BDC+1661916]
	Ordinal0 [0x003AF15B+1700187]
	Ordinal0 [0x003AF2C3+1700547]
	Ordinal0 [0x003C5135+1790261]
	BaseThreadInitThunk [0x75036359+25]
	RtlGetAppContainerNamedObjectPath [0x77247C24+228]
	RtlGetAppContainerNamedObjectPath [0x77247BF4+180]
">
      <![CDATA[org.openqa.selenium.SessionNotCreatedException: session not created: This version of ChromeDriver only supports Chrome version 81
Build info: version: '3.141.59', revision: 'e82be7d358', time: '2018-11-14T08:17:03'
System info: host: 'DESKTOP-MGGQNUS', ip: '192.168.2.9', os.name: 'Windows 10', os.arch: 'amd64', os.version: '10.0', java.version: '1.8.0_211'
Driver info: driver.version: ChromeDriver
remote stacktrace: Backtrace:
Ordinal0 [0x00465E93+2449043]
Ordinal0 [0x00398281+1606273]
Ordinal0 [0x0028F889+522377]
Ordinal0 [0x002205F3+67059]
Ordinal0 [0x0021CD92+52626]
Ordinal0 [0x0023C127+180519]
Ordinal0 [0x0023BF2D+180013]
Ordinal0 [0x00239E5B+171611]
Ordinal0 [0x00221DD8+73176]
Ordinal0 [0x00222E50+77392]
Ordinal0 [0x00222DE9+77289]
Ordinal0 [0x003AD7F7+1693687]
GetHandleVerifier [0x00504576+522742]
GetHandleVerifier [0x005042B4+522036]
GetHandleVerifier [0x00519587+608775]
GetHandleVerifier [0x00504DE6+524902]
Ordinal0 [0x003A5BDC+1661916]
Ordinal0 [0x003AF15B+1700187]
Ordinal0 [0x003AF2C3+1700547]
Ordinal0 [0x003C5135+1790261]
BaseThreadInitThunk [0x75036359+25]
RtlGetAppContainerNamedObjectPath [0x77247C24+228]
RtlGetAppContainerNamedObjectPath [0x77247BF4+180]

at sun.reflect.NativeConstructorAccessorImpl.newInstance0(Native Method)
at sun.reflect.NativeConstructorAccessorImpl.newInstance(NativeConstructorAccessorImpl.java:83)
at sun.reflect.DelegatingConstructorAccessorImpl.newInstance(DelegatingConstructorAccessorImpl.java:57)
at java.lang.reflect.Constructor.newInstance(Constructor.java:437)
at org.openqa.selenium.remote.W3CHandshakeResponse.lambda$errorHandler$0(W3CHandshakeResponse.java:62)
at org.openqa.selenium.remote.W3CHandshakeResponse$$Lambda$233.000000001119B130.apply(Unknown Source)
at org.openqa.selenium.remote.HandshakeResponse.lambda$getResponseFunction$0(HandshakeResponse.java:30)
at org.openqa.selenium.remote.HandshakeResponse$$Lambda$228.0000000012C365D0.apply(Unknown Source)
at org.openqa.selenium.remote.ProtocolHandshake.lambda$createSession$0(ProtocolHandshake.java:126)
at org.openqa.selenium.remote.ProtocolHandshake$$Lambda$229.0000000012C56AA0.apply(Unknown Source)
at java.util.stream.ReferencePipeline$3$1.accept(ReferencePipeline.java:204)
at java.util.Spliterators$ArraySpliterator.tryAdvance(Spliterators.java:969)
at java.util.stream.ReferencePipeline.forEachWithCancel(ReferencePipeline.java:137)
at java.util.stream.AbstractPipeline.copyIntoWithCancel(AbstractPipeline.java:540)
at java.util.stream.AbstractPipeline.copyInto(AbstractPipeline.java:527)
at java.util.stream.AbstractPipeline.wrapAndCopyInto(AbstractPipeline.java:513)
at java.util.stream.FindOps$FindOp.evaluateSequential(FindOps.java:163)
at java.util.stream.AbstractPipeline.evaluate(AbstractPipeline.java:245)
at java.util.stream.ReferencePipeline.findFirst(ReferencePipeline.java:475)
at org.openqa.selenium.remote.ProtocolHandshake.createSession(ProtocolHandshake.java:128)
at org.openqa.selenium.remote.ProtocolHandshake.createSession(ProtocolHandshake.java:74)
at org.openqa.selenium.remote.HttpCommandExecutor.execute(HttpCommandExecutor.java:136)
at org.openqa.selenium.remote.service.DriverCommandExecutor.execute(DriverCommandExecutor.java:83)
at org.openqa.selenium.remote.RemoteWebDriver.execute(RemoteWebDriver.java:552)
at org.openqa.selenium.remote.RemoteWebDriver.startSession(RemoteWebDriver.java:213)
at org.openqa.selenium.remote.RemoteWebDriver.<init>(RemoteWebDriver.java:131)
at org.openqa.selenium.chrome.ChromeDriver.<init>(ChromeDriver.java:181)
at org.openqa.selenium.chrome.ChromeDriver.<init>(ChromeDriver.java:168)
at org.openqa.selenium.chrome.ChromeDriver.<init>(ChromeDriver.java:123)
at com.learn.BrowserSetUp.SetChromeProperties(BrowserSetUp.java:29)
at sun.reflect.NativeMethodAccessorImpl.invoke0(Native Method)
at sun.reflect.NativeMethodAccessorImpl.invoke(NativeMethodAccessorImpl.java:90)
at sun.reflect.DelegatingMethodAccessorImpl.invoke(DelegatingMethodAccessorImpl.java:55)
at java.lang.reflect.Method.invoke(Method.java:508)
at org.testng.internal.MethodInvocationHelper.invokeMethod(MethodInvocationHelper.java:135)
at org.testng.internal.MethodInvocationHelper.invokeMethodConsideringTimeout(MethodInvocationHelper.java:64)
at org.testng.internal.ConfigInvoker.invokeConfigurationMethod(ConfigInvoker.java:364)
at org.testng.internal.ConfigInvoker.invokeConfigurations(ConfigInvoker.java:318)
at org.testng.SuiteRunner.privateRun(SuiteRunner.java:327)
at org.testng.SuiteRunner.run(SuiteRunner.java:286)
at org.testng.SuiteRunnerWorker.runSuite(SuiteRunnerWorker.java:53)
at org.testng.SuiteRunnerWorker.run(SuiteRunnerWorker.java:96)
at org.testng.TestNG.runSuitesSequentially(TestNG.java:1214)
at org.testng.TestNG.runSuitesLocally(TestNG.java:1136)
at org.testng.TestNG.runSuites(TestNG.java:1066)
at org.testng.TestNG.run(TestNG.java:1034)
at org.testng.remote.AbstractRemoteTestNG.run(AbstractRemoteTestNG.java:115)
at org.testng.remote.RemoteTestNG.initAndRun(RemoteTestNG.java:251)
at org.testng.remote.RemoteTestNG.main(RemoteTestNG.java:77)
]]>
    </error>
  </testcase> <!-- SetChromeProperties -->
  <system-out/>
</testsuite> <!-- com.learn.BrowserSetUp -->
